<?xml version="1.0" encoding="UTF-8"?>
<testng-results skipped="0" failed="0" ignored="0" total="1" passed="1">
  <reporter-output>
  </reporter-output>
  <suite name="Default suite" duration-ms="2378" started-at="2022-03-27T12:45:00 CDT" finished-at="2022-03-27T12:45:03 CDT">
    <groups>
    </groups>
    <test name="Default test" duration-ms="2378" started-at="2022-03-27T12:45:00 CDT" finished-at="2022-03-27T12:45:03 CDT">
      <class name="testCases.DeleteAProduct">
        <test-method status="PASS" signature="deleteAProduct()[pri:0, instance:testCases.DeleteAProduct@2f943d71]" name="deleteAProduct" duration-ms="2350" started-at="2022-03-27T12:45:00 CDT" finished-at="2022-03-27T12:45:03 CDT">
          <reporter-output>
          </reporter-output>
        </test-method> <!-- deleteAProduct -->
      </class> <!-- testCases.DeleteAProduct -->
    </test> <!-- Default test -->
  </suite> <!-- Default suite -->
</testng-results>
